#
# A fatal error has been detected by the Java Runtime Environment:
#
#  EXCEPTION_ACCESS_VIOLATION (0xc0000005) at pc=0x50a3b07d, pid=1320, tid=0x0000111c
#
# JRE version: Java(TM) SE Runtime Environment (8.0_92-b14) (build 1.8.0_92-b14)
# Java VM: Java HotSpot(TM) Client VM (25.92-b14 mixed mode windows-x86 )
# Problematic frame:
# V  [jvm.dll+0xcb07d]
#
# Failed to write core dump. Minidumps are not enabled by default on client versions of Windows
#
# If you would like to submit a bug report, please visit:
#   http://bugreport.java.com/bugreport/crash.jsp
#

---------------  T H R E A D  ---------------

Current thread (0x142b3800):  JavaThread "JDWP Transport Listener: dt_socket" daemon [_thread_in_vm, id=4380, stack(0x147c0000,0x14810000)]

siginfo: ExceptionCode=0xc0000005, reading address 0x4c282600

Registers:
EAX=0x4c282600, EBX=0x00000000, ECX=0x4c282600, EDX=0x00000000
ESP=0x1480f7f8, EBP=0x1480f7fc, ESI=0x142b3800, EDI=0x006c7d00
EIP=0x50a3b07d, EFLAGS=0x00010206

Top of Stack: (sp=0x1480f7f8)
0x1480f7f8:   142b3800 1480f824 50b98c94 4c282600
0x1480f808:   1480f8dc 1480f85f 142b3800 00000000
0x1480f818:   00000000 00000000 142b3800 1480f860
0x1480f828:   6b4c9f80 006c7d00 4c282600 1480f85f
0x1480f838:   4c282600 6b4b436d 4c282600 1480f85f
0x1480f848:   00000008 00000000 00000000 00000008
0x1480f858:   00000000 002c9a28 1480f880 6b4b44e0
0x1480f868:   00000001 1480f89c 1480f8d8 1441dcd8 

Instructions: (pc=0x50a3b07d)
0x50a3b05d:   5d c3 52 e8 5b f9 ff ff 5d c3 cc cc cc cc cc cc
0x50a3b06d:   cc cc cc 55 8b ec 8b 45 08 85 c0 75 02 5d c3 56
0x50a3b07d:   8b 30 85 f6 74 17 83 fe 37 74 12 8b 06 8b 50 08
0x50a3b08d:   8b ce ff d2 84 c0 74 05 8b c6 5e 5d c3 33 c0 5e 


Register to memory mapping:

EAX=0x4c282600 is an unknown value
EBX=0x00000000 is an unknown value
ECX=0x4c282600 is an unknown value
EDX=0x00000000 is an unknown value
ESP=0x1480f7f8 is pointing into the stack for thread: 0x142b3800
EBP=0x1480f7fc is pointing into the stack for thread: 0x142b3800
ESI=0x142b3800 is a thread
EDI=0x006c7d00 is an unknown value


Stack: [0x147c0000,0x14810000],  sp=0x1480f7f8,  free space=317k
Native frames: (J=compiled Java code, j=interpreted, Vv=VM code, C=native code)
V  [jvm.dll+0xcb07d]
V  [jvm.dll+0x228c94]
C  [jdwp.dll+0x19f80]
C  [jdwp.dll+0x44e0]
C  [jdwp.dll+0x451e]
C  0x646f4e2f


---------------  P R O C E S S  ---------------

Java Threads: ( => current thread )
  0x142e8400 JavaThread "Service Thread" daemon [_thread_blocked, id=4892, stack(0x149d0000,0x14a20000)]
  0x142ca800 JavaThread "C1 CompilerThread0" daemon [_thread_blocked, id=608, stack(0x148f0000,0x14940000)]
  0x142bf000 JavaThread "JDWP Command Reader" daemon [_thread_in_native, id=1044, stack(0x01010000,0x01060000)]
  0x142b7800 JavaThread "JDWP Event Helper Thread" daemon [_thread_blocked, id=5968, stack(0x14860000,0x148b0000)]
=>0x142b3800 JavaThread "JDWP Transport Listener: dt_socket" daemon [_thread_in_vm, id=4380, stack(0x147c0000,0x14810000)]
  0x142bc800 JavaThread "Attach Listener" daemon [_thread_blocked, id=4824, stack(0x14460000,0x144b0000)]
  0x142b9800 JavaThread "Signal Dispatcher" daemon [_thread_blocked, id=4192, stack(0x03d00000,0x03d50000)]
  0x14298c00 JavaThread "Finalizer" daemon [_thread_blocked, id=5924, stack(0x14500000,0x14550000)]
  0x14273000 JavaThread "Reference Handler" daemon [_thread_blocked, id=1784, stack(0x03d60000,0x03db0000)]
  0x006ccc00 JavaThread "main" [_thread_blocked, id=5560, stack(0x002d0000,0x00320000)]

Other Threads:
  0x1426cc00 VMThread [stack: 0x00fa0000,0x00ff0000] [id=4100]
  0x142d7400 WatcherThread [stack: 0x14760000,0x147b0000] [id=4136]

VM state:not at safepoint (normal execution)

VM Mutex/Monitor currently owned by a thread: None

Heap:
 def new generation   total 4928K, used 1146K [0x03e00000, 0x04350000, 0x09350000)
  eden space 4416K,  25% used [0x03e00000, 0x03f1e878, 0x04250000)
  from space 512K,   0% used [0x04250000, 0x04250000, 0x042d0000)
  to   space 512K,   0% used [0x042d0000, 0x042d0000, 0x04350000)
 tenured generation   total 10944K, used 0K [0x09350000, 0x09e00000, 0x13e00000)
   the space 10944K,   0% used [0x09350000, 0x09350000, 0x09350200, 0x09e00000)
 Metaspace       used 2931K, capacity 2952K, committed 3008K, reserved 4480K

Card table byte_map: [0x00ef0000,0x00f80000] byte_map_base: 0x00ed1000

Polling page: 0x00140000

CodeCache: size=32768Kb used=751Kb max_used=751Kb free=32016Kb
 bounds [0x01ca0000, 0x01d60000, 0x03ca0000]
 total_blobs=164 nmethods=32 adapters=72
 compilation: enabled

Compilation events (10 events):
Event: 0.213 Thread 0x142ca800   28             sun.net.www.ParseUtil::encodePath (336 bytes)
Event: 0.214 Thread 0x142ca800 nmethod 28 0x01d56308 code [0x01d564b0, 0x01d56b88]
Event: 0.214 Thread 0x142ca800   29             java.lang.String::startsWith (72 bytes)
Event: 0.214 Thread 0x142ca800 nmethod 29 0x01d57288 code [0x01d57390, 0x01d574d0]
Event: 0.214 Thread 0x142ca800   30             sun.nio.cs.UTF_8$Encoder::encode (359 bytes)
Event: 0.215 Thread 0x142ca800 nmethod 30 0x01d57648 code [0x01d57790, 0x01d57be8]
Event: 0.245 Thread 0x142ca800   31             java.util.Arrays::fill (28 bytes)
Event: 0.245 Thread 0x142ca800 nmethod 31 0x01d583c8 code [0x01d584d0, 0x01d585bc]
Event: 0.245 Thread 0x142ca800   32             com.sun.org.apache.xerces.internal.impl.io.UTF8Reader::read (1443 bytes)
Event: 0.247 Thread 0x142ca800 nmethod 32 0x01d586c8 code [0x01d589a0, 0x01d59e48]

GC Heap History (0 events):
No events

Deoptimization events (0 events):
No events

Internal exceptions (6 events):
Event: 0.048 Thread 0x006ccc00 Exception <a 'java/lang/NoSuchMethodError': Method sun.misc.Unsafe.defineClass(Ljava/lang/String;[BII)Ljava/lang/Class; name or signature does not match> (0x03e06ea8) thrown at [C:\workspace\8-2-build-windows-i586-cygwin\jdk8u92\6642\hotspot\src\share\vm\pì’˜m¨?
Event: 0.048 Thread 0x006ccc00 Exception <a 'java/lang/NoSuchMethodError': Method sun.misc.Unsafe.prefetchRead(Ljava/lang/Object;J)V name or signature does not match> (0x03e07178) thrown at [C:\workspace\8-2-build-windows-i586-cygwin\jdk8u92\6642\hotspot\src\share\vm\prims\jni.cpp, lineÜë“Ð"Ë?
Event: 0.212 Thread 0x006ccc00 Exception <a 'java/security/PrivilegedActionException'> (0x03ed0b08) thrown at [C:\workspace\8-2-build-windows-i586-cygwin\jdk8u92\6642\hotspot\src\share\vm\prims\jvm.cpp, line 1386]
Event: 0.212 Thread 0x006ccc00 Exception <a 'java/security/PrivilegedActionException'> (0x03ed0d08) thrown at [C:\workspace\8-2-build-windows-i586-cygwin\jdk8u92\6642\hotspot\src\share\vm\prims\jvm.cpp, line 1386]
Event: 0.212 Thread 0x006ccc00 Exception <a 'java/security/PrivilegedActionException'> (0x03ed46f0) thrown at [C:\workspace\8-2-build-windows-i586-cygwin\jdk8u92\6642\hotspot\src\share\vm\prims\jvm.cpp, line 1386]
Event: 0.212 Thread 0x006ccc00 Exception <a 'java/security/PrivilegedActionException'> (0x03ed48f0) thrown at [C:\workspace\8-2-build-windows-i586-cygwin\jdk8u92\6642\hotspot\src\share\vm\prims\jvm.cpp, line 1386]

Events (10 events):
Event: 2121.119 Executing VM operation: RedefineClasses
Event: 2121.119 Executing VM operation: RedefineClasses done
Event: 2296.859 Executing VM operation: RedefineClasses
Event: 2296.860 Executing VM operation: RedefineClasses done
Event: 2460.125 Executing VM operation: RedefineClasses
Event: 2460.125 Executing VM operation: RedefineClasses done
Event: 2488.369 Executing VM operation: RedefineClasses
Event: 2488.369 Executing VM operation: RedefineClasses done
Event: 3856.151 Executing VM operation: RedefineClasses
Event: 3856.151 Executing VM operation: RedefineClasses done


Dynamic libraries:
0x01060000 - 0x01093000 	C:\Program Files\Java\jdk1.8.0_92\bin\java.exe
0x77680000 - 0x777c2000 	C:\Windows\SYSTEM32\ntdll.dll
0x77010000 - 0x770e5000 	C:\Windows\system32\kernel32.dll
0x75900000 - 0x7594b000 	C:\Windows\system32\KERNELBASE.dll
0x75990000 - 0x75a31000 	C:\Windows\system32\ADVAPI32.dll
0x76d20000 - 0x76dcc000 	C:\Windows\system32\msvcrt.dll
0x769c0000 - 0x769d9000 	C:\Windows\SYSTEM32\sechost.dll
0x76ad0000 - 0x76b72000 	C:\Windows\system32\RPCRT4.dll
0x769e0000 - 0x76aa9000 	C:\Windows\system32\USER32.dll
0x77800000 - 0x7784e000 	C:\Windows\system32\GDI32.dll
0x777d0000 - 0x777da000 	C:\Windows\system32\LPK.dll
0x773c0000 - 0x7745d000 	C:\Windows\system32\USP10.dll
0x744d0000 - 0x7466e000 	C:\Windows\WinSxS\x86_microsoft.windows.common-controls_6595b64144ccf1df_6.0.7601.17514_none_41e6975e2bd6f2b2\COMCTL32.dll
0x75a40000 - 0x75a97000 	C:\Windows\system32\SHLWAPI.dll
0x76ab0000 - 0x76acf000 	C:\Windows\system32\IMM32.DLL
0x77460000 - 0x7752c000 	C:\Windows\system32\MSCTF.dll
0x5ac70000 - 0x5ad2f000 	C:\Program Files\Java\jdk1.8.0_92\jre\bin\msvcr100.dll
0x50970000 - 0x50d3b000 	C:\Program Files\Java\jdk1.8.0_92\jre\bin\client\jvm.dll
0x5b9d0000 - 0x5b9d7000 	C:\Windows\system32\WSOCK32.dll
0x76dd0000 - 0x76e05000 	C:\Windows\system32\WS2_32.dll
0x777f0000 - 0x777f6000 	C:\Windows\system32\NSI.dll
0x731e0000 - 0x73212000 	C:\Windows\system32\WINMM.dll
0x74b00000 - 0x74b09000 	C:\Windows\system32\VERSION.dll
0x76b80000 - 0x76b85000 	C:\Windows\system32\PSAPI.DLL
0x6cdd0000 - 0x6cddc000 	C:\Program Files\Java\jdk1.8.0_92\jre\bin\verify.dll
0x6cda0000 - 0x6cdc1000 	C:\Program Files\Java\jdk1.8.0_92\jre\bin\java.dll
0x6b4b0000 - 0x6b4d9000 	C:\Program Files\Java\jdk1.8.0_92\jre\bin\jdwp.dll
0x6e400000 - 0x6e407000 	C:\Program Files\Java\jdk1.8.0_92\jre\bin\npt.dll
0x6cd20000 - 0x6cd33000 	C:\Program Files\Java\jdk1.8.0_92\jre\bin\zip.dll
0x75aa0000 - 0x766eb000 	C:\Windows\system32\SHELL32.dll
0x76bc0000 - 0x76d1c000 	C:\Windows\system32\ole32.dll
0x75670000 - 0x7567b000 	C:\Windows\system32\profapi.dll
0x748b0000 - 0x748b8000 	C:\Program Files\Java\jdk1.8.0_92\jre\bin\dt_socket.dll
0x75060000 - 0x7509c000 	C:\Windows\system32\mswsock.dll
0x74b90000 - 0x74b95000 	C:\Windows\System32\wshtcpip.dll
0x70ce0000 - 0x70dcb000 	C:\Windows\system32\dbghelp.dll

VM Arguments:
jvm_args: -agentlib:jdwp=transport=dt_socket,address=127.0.0.1:54114,suspend=y,server=n -Dfile.encoding=UTF-8 
java_command: XmlRead
java_class_path (initial): C:\Program Files\Java\jdk1.8.0_92\jre\lib\charsets.jar;C:\Program Files\Java\jdk1.8.0_92\jre\lib\deploy.jar;C:\Program Files\Java\jdk1.8.0_92\jre\lib\ext\access-bridge.jar;C:\Program Files\Java\jdk1.8.0_92\jre\lib\ext\cldrdata.jar;C:\Program Files\Java\jdk1.8.0_92\jre\lib\ext\dnsns.jar;C:\Program Files\Java\jdk1.8.0_92\jre\lib\ext\jaccess.jar;C:\Program Files\Java\jdk1.8.0_92\jre\lib\ext\jfxrt.jar;C:\Program Files\Java\jdk1.8.0_92\jre\lib\ext\localedata.jar;C:\Program Files\Java\jdk1.8.0_92\jre\lib\ext\nashorn.jar;C:\Program Files\Java\jdk1.8.0_92\jre\lib\ext\sunec.jar;C:\Program Files\Java\jdk1.8.0_92\jre\lib\ext\sunjce_provider.jar;C:\Program Files\Java\jdk1.8.0_92\jre\lib\ext\sunmscapi.jar;C:\Program Files\Java\jdk1.8.0_92\jre\lib\ext\sunpkcs11.jar;C:\Program Files\Java\jdk1.8.0_92\jre\lib\ext\zipfs.jar;C:\Program Files\Java\jdk1.8.0_92\jre\lib\javaws.jar;C:\Program Files\Java\jdk1.8.0_92\jre\lib\jce.jar;C:\Program Files\Java\jdk1.8.0_92\jre\lib\jfr.jar;C:\Program Files\Java\jdk1.8.0_92\jre\lib\jfxswt.jar;C:\Program Files\Java\jdk1.8.0_92\jre\lib\jsse.jar;C:\Program Files\Java\jdk1.8.0_92\jre\lib\management-agent.jar;C:\Program Files\Java\jdk1.8.0_92\jre\lib\plugin.jar;C:\Program Files\Java\jdk1.8.0_92\jre\lib\resources.jar;C:\Program Files\Java\jdk1.8.0_92\jre\lib\rt.jar;C:\obmen\biblio java\stepic_java_webserver-master\stepic_java_webserver-master\XmlCalculator\out\production\XmlCalculator;C:\obmen\biblio java\junit-4.12.jar;C:\Program Files\JetBrains\IntelliJ IDEA Community Edition 2016.1.3\lib\idea_rt.jar
Launcher Type: SUN_STANDARD

Environment Variables:
JAVA_HOME=c:\Program Files\Java\jdk1.8.0_92\
PATH=C:\ProgramData\Oracle\Java\javapath;C:\Windows\system32;C:\Windows;C:\Windows\System32\Wbem;C:\Windows\System32\WindowsPowerShell\v1.0\;C:\Program Files\Git\cmd;c:\Program Files\Java\jdk1.8.0_92\\bin;c:\Program Files\maven\\bin;C:\Program Files\Skype\Phone\
USERNAME=q
OS=Windows_NT
PROCESSOR_IDENTIFIER=x86 Family 6 Model 58 Stepping 9, GenuineIntel



---------------  S Y S T E M  ---------------

OS: Windows 7 Build 7601 (6.1.7601.19135)

CPU:total 2 (2 cores per cpu, 1 threads per core) family 6 model 58 stepping 9, cmov, cx8, fxsr, mmx, sse, sse2, sse3, ssse3, sse4.1, sse4.2, popcnt, clmul, erms, tsc, tscinvbit, tscinv

Memory: 4k page, physical 3649260k(1562876k free), swap 7294688k(4076936k free)

vm_info: Java HotSpot(TM) Client VM (25.92-b14) for windows-x86 JRE (1.8.0_92-b14), built on Mar 31 2016 21:09:21 by "java_re" with MS VC++ 10.0 (VS2010)

time: Fri Jul 15 19:12:08 2016
elapsed time: 3903 seconds (0d 1h 5m 3s)

